<?xml version="1.0" encoding="UTF-8"?>
<!-- Generated by org.testng.reporters.JUnitXMLReporter -->
<testsuite hostname="RiawanA-PC" ignored="1" name="Test Groupint" tests="5" failures="0" timestamp="14 Jul 2017 21:23:57 GMT" time="0.105" errors="0">
  <testcase name="f2" time="0.025" classname="testNG.TestGroupingNew"/>
  <testcase name="f3" time="0.0" classname="testNG.TestGroupingNew"/>
  <testcase name="f4" time="0.005" classname="testNG.TestGroupingNew"/>
  <testcase name="f5" time="0.005" classname="testNG.TestGroupingNew"/>
  <testcase name="f6" time="0.0" classname="testNG.TestGroupingNew"/>
  <testcase name="f1" time="0.0" classname="testNG.TestGroupingNew">
    <ignored/>
  </testcase> <!-- f1 -->
</testsuite> <!-- Test Groupint -->
