<?xml version="1.0" encoding="UTF-8"?>
<testng-results skipped="0" failed="0" ignored="0" total="1" passed="1">
  <reporter-output>
  </reporter-output>
  <suite name="Default suite" duration-ms="16479" started-at="2017-08-09T03:23:08Z" finished-at="2017-08-09T03:23:25Z">
    <groups>
    </groups>
    <test name="Default test" duration-ms="16479" started-at="2017-08-09T03:23:08Z" finished-at="2017-08-09T03:23:25Z">
      <class name="co.edureka.selenium.webdriver.basic.Facebook">
        <test-method status="PASS" signature="login()[pri:0, instance:co.edureka.selenium.webdriver.basic.Facebook@19f10e1]" name="login" duration-ms="16428" started-at="2017-08-09T08:53:08Z" finished-at="2017-08-09T08:53:25Z">
          <reporter-output>
          </reporter-output>
        </test-method> <!-- login -->
      </class> <!-- co.edureka.selenium.webdriver.basic.Facebook -->
    </test> <!-- Default test -->
  </suite> <!-- Default suite -->
</testng-results>
