<?xml version="1.0" encoding="UTF-8"?>
<!-- Generated by org.testng.reporters.JUnitXMLReporter -->
<testsuite hostname="DESKTOP-EN6HAK8" ignored="1" name="Default test" tests="1" failures="0" timestamp="14 Nov 2017 05:02:47 GMT" time="0.173" errors="0">
  <testcase name="Print" time="0.054" classname="com.google.gettext.ClickUsingActions"/>
  <testcase name="ClickMenuButton" time="0.0" classname="com.google.gettext.ClickUsingActions">
    <ignored/>
  </testcase> <!-- ClickMenuButton -->
</testsuite> <!-- Default test -->
